[INFO] - WD sending signal to 85404
[INFO] - WD sending signal to 85405
[INFO] - WD sending signal to 85462
[INFO] - Drone has updated its parameters
[INFO] - WD sending signal to 85440
[INFO] - Input has updated its parameters
[INFO] - WD sending signal to 85400
[INFO] - WD sending signal to 85401
[INFO] - WD sending signal to 85404
[INFO] - WD sending signal to 85405
[INFO] - WD sending signal to 85462
[INFO] - WD sending signal to 85440
[INFO] - WD sending signal to 85400
[INFO] - WD sending signal to 85401
[INFO] - WD sending signal to 85404
[INFO] - WD sending signal to 85405
[INFO] - WD sending signal to 85462
[INFO] - Obstacles process generated a new set of obstacles
[INFO] - vvvvvvvvvvvOBSTACLESvvvvvvvvvvvvvvv
[INFO] - 252.000,248.000
[INFO] - 407.000,76.000
[INFO] - 352.000,192.000
[INFO] - 85.000,94.000
[INFO] - 474.000,347.000
[INFO] - 23.000,331.000
[INFO] - 99.000,54.000
[INFO] - 369.000,84.000
[INFO] - 414.000,483.000
[INFO] - ^^^^^^^^^^^OBSTACLES^^^^^^^^^^^^^^^
[INFO] - Obtacles 9
[INFO] - vvvvvvvvDRONE-OBSTvvvvvvv
[INFO] - 252.000,248.000
[INFO] - 407.000,76.000
[INFO] - 352.000,192.000
[INFO] - 85.000,94.000
[INFO] - 474.000,347.000
[INFO] - 23.000,331.000
[INFO] - 99.000,54.000
[INFO] - 369.000,84.000
[INFO] - 414.000,483.000
[INFO] - ^^^^^^^^DRONE-OBST^^^^^^^
[INFO] - WD sending signal to 85440
[INFO] - WD sending signal to 85400
[INFO] - WD sending signal to 85401
[INFO] - Drone has updated its parameters
[INFO] - WD sending signal to 85404
[INFO] - Input has updated its parameters
[INFO] - WD sending signal to 85405
[INFO] - WD sending signal to 85462
[INFO] - WD sending signal to 85440
[INFO] - WD sending signal to 85400
[INFO] - WD sending signal to 85401
[INFO] - WD sending signal to 85404
[INFO] - WD sending signal to 85405
[INFO] - WD sending signal to 85462
[INFO] - WD sending signal to 85440
[INFO] - WD sending signal to 85400
[INFO] - WD sending signal to 85401
[INFO] - WD sending signal to 85404
[INFO] - WD sending signal to 85405
[INFO] - WD sending signal to 85462
[INFO] - WD sending signal to 85440
[INFO] - WD sending signal to 85400
[INFO] - WD sending signal to 85401
[INFO] - WD sending signal to 85404
[INFO] - WD sending signal to 85405
[INFO] - WD sending signal to 85462
[INFO] - WD sending signal to 85440
[INFO] - WD sending signal to 85400
[INFO] - WD sending signal to 85401
[INFO] - WD sending signal to 85404
[INFO] - WD sending signal to 85405
[INFO] - WD sending signal to 85462
[INFO] - WD sending signal to 85440
[INFO] - Drone has updated its parameters
[INFO] - WD sending signal to 85400
[INFO] - WD sending signal to 85401
[INFO] - Input has updated its parameters
[INFO] - WD sending signal to 85404
[INFO] - WD sending signal to 85405
[INFO] - WD sending signal to 85462
[INFO] - WD sending signal to 85440
[INFO] - WD sending signal to 85400
[INFO] - WD sending signal to 85401
[INFO] - WD sending signal to 85404
[INFO] - WD sending signal to 85405
[INFO] - WD sending signal to 85462
[INFO] - WD sending signal to 85440
[INFO] - WD sending signal to 85400
[INFO] - WD sending signal to 85401
[INFO] - Obstacles process generated a new set of obstacles
[INFO] - vvvvvvvvvvvOBSTACLESvvvvvvvvvvvvvvv
[INFO] - 417.000,13.000
[INFO] - 318.000,43.000
[INFO] - 168.000,153.000
[INFO] - 292.000,415.000
[INFO] - 492.000,30.000
[INFO] - 46.000,193.000
[INFO] - 181.000,151.000
[INFO] - 442.000,89.000
[INFO] - 79.000,146.000
[INFO] - ^^^^^^^^^^^OBSTACLES^^^^^^^^^^^^^^^
[INFO] - Obtacles 9
[INFO] - vvvvvvvvDRONE-OBSTvvvvvvv
[INFO] - 417.000,13.000
[INFO] - 318.000,43.000
[INFO] - 168.000,153.000
[INFO] - 292.000,415.000
[INFO] - 492.000,30.000
[INFO] - 46.000,193.000
[INFO] - 181.000,151.000
[INFO] - 442.000,89.000
[INFO] - 79.000,146.000
[INFO] - ^^^^^^^^DRONE-OBST^^^^^^^
[INFO] - WD sending signal to 85404
[INFO] - WD sending signal to 85405
[INFO] - WD sending signal to 85462
[INFO] - WD sending signal to 85440
[INFO] - WD sending signal to 85400
[INFO] - WD sending signal to 85401
[INFO] - WD sending signal to 85404
[INFO] - WD sending signal to 85405
[INFO] - WD sending signal to 85462
[INFO] - WD sending signal to 85440
[INFO] - WD sending signal to 85400
[INFO] - WD sending signal to 85401
[INFO] - Drone has updated its parameters
[WARN] - Pipe to map closed
